<?xml version="1.0" encoding="UTF-8"?>
<!-- Generated by org.testng.reporters.JUnitXMLReporter -->
<testsuite ignored="0" hostname="DESKTOP-U8F94J3" failures="0" tests="4" name="Default test" time="1.0" errors="0" timestamp="2022-11-16T12:52:26 NPT">
  <testcase classname="com.db.automation.test.DB_test" name="deleteTaleData" time="0.162"/>
  <testcase classname="com.db.automation.test.DB_test" name="getTableData" time="0.03"/>
  <testcase classname="com.db.automation.test.DB_test" name="insertData" time="0.064"/>
  <testcase classname="com.db.automation.test.DB_test" name="updateTableData" time="0.067"/>
</testsuite> <!-- Default test -->
